# JRE version: Java(TM) SE Runtime Environment (17.0.1+12) (build 17.0.1+12-LTS-39)
# Java VM: Java HotSpot(TM) 64-Bit Server VM (17.0.1+12-LTS-39, mixed mode, sharing, tiered, compressed oops, compressed class ptrs, g1 gc, windows-amd64)
GC Precious Log:
 CPUs: 4 total, 4 available
 Memory: 16296M
 Large Page Support: Disabled
 NUMA Support: Disabled
 Compressed Oops: Enabled (Zero based)
 Heap Region Size: 2M
 Heap Min Capacity: 8M
 Heap Initial Capacity: 8M
 Heap Max Capacity: 4076M
 Pre-touch: Disabled
 Parallel Workers: 4
 Concurrent Workers: 1
 Concurrent Refinement Workers: 4
 Periodic GC: Disabled
Heap:
 garbage-first heap   total 14336K, used 3533K [0x0000000701400000, 0x0000000800000000)
  region size 2048K, 2 young (4096K), 1 survivors (2048K)
 Metaspace       used 8051K, committed 8256K, reserved 1064960K
  class space    used 945K, committed 1088K, reserved 1048576K
GC Heap History (10 events):
Event: 0.115 GC heap before
{Heap before GC invocations=0 (full 0):
 garbage-first heap   total 8192K, used 2048K [0x0000000701400000, 0x0000000800000000)
  region size 2048K, 1 young (2048K), 0 survivors (0K)
 Metaspace       used 1587K, committed 1728K, reserved 1056768K
  class space    used 187K, committed 256K, reserved 1048576K
}
Event: 0.118 GC heap after
{Heap after GC invocations=1 (full 0):
 garbage-first heap   total 8192K, used 976K [0x0000000701400000, 0x0000000800000000)
  region size 2048K, 1 young (2048K), 1 survivors (2048K)
 Metaspace       used 1587K, committed 1728K, reserved 1056768K
  class space    used 187K, committed 256K, reserved 1048576K
}
Event: 0.236 GC heap before
{Heap before GC invocations=1 (full 0):
 garbage-first heap   total 8192K, used 976K [0x0000000701400000, 0x0000000800000000)
  region size 2048K, 2 young (4096K), 1 survivors (2048K)
 Metaspace       used 5420K, committed 5632K, reserved 1056768K
  class space    used 644K, committed 768K, reserved 1048576K
}
Event: 0.239 GC heap after
{Heap after GC invocations=2 (full 0):
 garbage-first heap   total 8192K, used 1925K [0x0000000701400000, 0x0000000800000000)
  region size 2048K, 1 young (2048K), 1 survivors (2048K)
 Metaspace       used 5420K, committed 5632K, reserved 1056768K
  class space    used 644K, committed 768K, reserved 1048576K
}
Event: 0.326 GC heap before
{Heap before GC invocations=2 (full 0):
 garbage-first heap   total 8192K, used 1925K [0x0000000701400000, 0x0000000800000000)
  region size 2048K, 2 young (4096K), 1 survivors (2048K)
 Metaspace       used 7553K, committed 7744K, reserved 1064960K
  class space    used 887K, committed 960K, reserved 1048576K
}
Event: 0.329 GC heap after
{Heap after GC invocations=3 (full 0):
 garbage-first heap   total 8192K, used 2501K [0x0000000701400000, 0x0000000800000000)
  region size 2048K, 1 young (2048K), 1 survivors (2048K)
 Metaspace       used 7553K, committed 7744K, reserved 1064960K
  class space    used 887K, committed 960K, reserved 1048576K
}
Event: 0.364 GC heap before
{Heap before GC invocations=3 (full 0):
 garbage-first heap   total 8192K, used 2501K [0x0000000701400000, 0x0000000800000000)
  region size 2048K, 2 young (4096K), 1 survivors (2048K)
 Metaspace       used 7809K, committed 8000K, reserved 1064960K
  class space    used 920K, committed 1024K, reserved 1048576K
}
Event: 0.367 GC heap after
{Heap after GC invocations=4 (full 0):
 garbage-first heap   total 8192K, used 3189K [0x0000000701400000, 0x0000000800000000)
  region size 2048K, 1 young (2048K), 1 survivors (2048K)
 Metaspace       used 7809K, committed 8000K, reserved 1064960K
  class space    used 920K, committed 1024K, reserved 1048576K
}
Event: 0.394 GC heap before
{Heap before GC invocations=4 (full 0):
 garbage-first heap   total 8192K, used 3189K [0x0000000701400000, 0x0000000800000000)
  region size 2048K, 2 young (4096K), 1 survivors (2048K)
 Metaspace       used 7961K, committed 8128K, reserved 1064960K
  class space    used 934K, committed 1024K, reserved 1048576K
}
Event: 0.397 GC heap after
{Heap after GC invocations=5 (full 0):
 garbage-first heap   total 14336K, used 3533K [0x0000000701400000, 0x0000000800000000)
  region size 2048K, 1 young (2048K), 1 survivors (2048K)
 Metaspace       used 7961K, committed 8128K, reserved 1064960K
  class space    used 934K, committed 1024K, reserved 1048576K
}

